<?xml version="1.0" encoding="UTF-8"?>
<testsuite xmlns:xsi="http://www.w3.org/2001/XMLSchema-instance" xsi:noNamespaceSchemaLocation="https://maven.apache.org/surefire/maven-surefire-plugin/xsd/surefire-test-report.xsd" name="org.apache.lucene.analysis.vi.VietnameseTokenizerTest" time="0.012" tests="3" errors="0" skipped="0" failures="0">
  <properties>
[...]
</properties>
  <testcase name="tokenizeVietnamese" classname="org.apache.lucene.analysis.vi.VietnameseTokenizerTest" time="0.001"/>
  <testcase name="tokenizeSpace" classname="org.apache.lucene.analysis.vi.VietnameseTokenizerTest" time="0.004"/>
  <testcase name="tokenizerSpecialText" classname="org.apache.lucene.analysis.vi.VietnameseTokenizerTest" time="0.005"/>
</testsuite>